# Logfile created on Thu Jan 08 13:23:41 -0430 2009  [4;36;1mSQL (25.2ms)[0m   [0;1mSET NAMES 'utf8'[0m
  [4;35;1mSQL (149.6ms)[0m   [0mSET SQL_AUTO_IS_NULL=0[0m
  [4;36;1mSQL (46.2ms)[0m   [0;1mSHOW TABLES[0m
  [4;35;1mSQL (892.7ms)[0m   [0mCREATE TABLE `schema_migrations` (`version` varchar(255) NOT NULL) ENGINE=InnoDB[0m
  [4;36;1mSQL (46.6ms)[0m   [0;1mCREATE UNIQUE INDEX `unique_schema_migrations` ON `schema_migrations` (`version`)[0m
  [4;35;1mSQL (0.3ms)[0m   [0mSHOW TABLES[0m
  [4;36;1mSQL (0.4ms)[0m   [0;1mSELECT version FROM schema_migrations[0m
Migrating to BortMigration (20080929171348)
  [4;35;1mSQL (3.9ms)[0m   [0mCREATE TABLE `sessions` (`id` int(11) DEFAULT NULL auto_increment PRIMARY KEY, `session_id` varchar(255) NOT NULL, `data` text, `created_at` datetime, `updated_at` datetime) ENGINE=InnoDB[0m
  [4;36;1mSQL (9.0ms)[0m   [0;1mCREATE INDEX `index_sessions_on_session_id` ON `sessions` (`session_id`)[0m
  [4;35;1mSQL (114.4ms)[0m   [0mCREATE INDEX `index_sessions_on_updated_at` ON `sessions` (`updated_at`)[0m
  [4;36;1mSQL (0.3ms)[0m   [0;1mSHOW TABLES[0m
  [4;35;1mSQL (3.8ms)[0m   [0mCREATE TABLE `open_id_authentication_associations` (`id` int(11) DEFAULT NULL auto_increment PRIMARY KEY, `issued` int(11), `lifetime` int(11), `handle` varchar(255), `assoc_type` varchar(255), `server_url` blob, `secret` blob) ENGINE=InnoDB[0m
  [4;36;1mSQL (0.3ms)[0m   [0;1mSHOW TABLES[0m
  [4;35;1mSQL (3.5ms)[0m   [0mCREATE TABLE `open_id_authentication_nonces` (`id` int(11) DEFAULT NULL auto_increment PRIMARY KEY, `timestamp` int(11) NOT NULL, `server_url` varchar(255), `salt` varchar(255) NOT NULL) ENGINE=InnoDB[0m
  [4;36;1mSQL (3.8ms)[0m   [0;1mCREATE TABLE `users` (`id` int(11) DEFAULT NULL auto_increment PRIMARY KEY, `login` varchar(40), `identity_url` varchar(255), `name` varchar(100) DEFAULT '', `email` varchar(100), `crypted_password` varchar(40), `salt` varchar(40), `remember_token` varchar(40), `activation_code` varchar(40), `state` varchar(255) DEFAULT 'passive' NOT NULL, `remember_token_expires_at` datetime, `activated_at` datetime, `deleted_at` datetime, `created_at` datetime, `updated_at` datetime) ENGINE=InnoDB[0m
  [4;35;1mSQL (7.7ms)[0m   [0mCREATE UNIQUE INDEX `index_users_on_login` ON `users` (`login`)[0m
  [4;36;1mSQL (3.0ms)[0m   [0;1mCREATE TABLE `passwords` (`id` int(11) DEFAULT NULL auto_increment PRIMARY KEY, `user_id` int(11), `reset_code` varchar(255), `expiration_date` datetime, `created_at` datetime, `updated_at` datetime) ENGINE=InnoDB[0m
  [4;35;1mSQL (2.5ms)[0m   [0mCREATE TABLE `roles` (`id` int(11) DEFAULT NULL auto_increment PRIMARY KEY, `name` varchar(255)) ENGINE=InnoDB[0m
  [4;36;1mSQL (3.6ms)[0m   [0;1mCREATE TABLE `roles_users` (`role_id` int(11), `user_id` int(11)) ENGINE=InnoDB[0m
  [4;35;1mRole Columns (109.1ms)[0m   [0mSHOW FIELDS FROM `roles`[0m
  [4;36;1mSQL (0.1ms)[0m   [0;1mBEGIN[0m
  [4;35;1mRole Create (0.3ms)[0m   [0mINSERT INTO `roles` (`name`) VALUES('admin')[0m
  [4;36;1mSQL (44.4ms)[0m   [0;1mCOMMIT[0m
  [4;35;1mUser Columns (1.6ms)[0m   [0mSHOW FIELDS FROM `users`[0m
  [4;36;1mSQL (0.1ms)[0m   [0;1mBEGIN[0m
  [4;35;1mUser Exists (21.5ms)[0m   [0mSELECT `users`.id FROM `users` WHERE (LOWER(`users`.`login`) = BINARY 'admin') LIMIT 1[0m
  [4;36;1mUser Exists (0.3ms)[0m   [0;1mSELECT `users`.id FROM `users` WHERE (LOWER(`users`.`email`) = BINARY 'bort@bort.com') LIMIT 1[0m
  [4;35;1mUser Create (4.0ms)[0m   [0mINSERT INTO `users` (`name`, `salt`, `activated_at`, `updated_at`, `crypted_password`, `deleted_at`, `activation_code`, `remember_token_expires_at`, `identity_url`, `remember_token`, `login`, `email`, `state`, `created_at`) VALUES('', '9e02544ff2b892124f2251bfcef7b7c31c725405', NULL, '2009-01-08 17:53:47', '0f5a8bd0033ea6c3f82f02f3c0aee73a855b3496', NULL, NULL, NULL, NULL, NULL, 'admin', 'bort@bort.com', 'passive', '2009-01-08 17:53:47')[0m
Sent mail to bort@bort.com

Date: Thu, 8 Jan 2009 14:23:47 -0530
From: bort@bort.com
To: bort@bort.com
Subject: [Bort] Please activate your new account
Mime-Version: 1.0
Content-Type: text/plain; charset=utf-8

Your account has been created.

Username: admin

Visit this url to activate your account:

http://localhost:3000/activate/
  [4;36;1mSQL (1.8ms)[0m   [0;1mCOMMIT[0m
  [4;35;1mSQL (0.1ms)[0m   [0mBEGIN[0m
  [4;36;1mUser Update (0.4ms)[0m   [0;1mUPDATE `users` SET `activation_code` = '17a8d5df1483bd87ddc3143dcd0dbd3207e687b4', `state` = 'pending', `updated_at` = '2009-01-08 17:53:47' WHERE `id` = 1[0m
  [4;35;1mSQL (0.5ms)[0m   [0mCOMMIT[0m
  [4;36;1mSQL (0.1ms)[0m   [0;1mBEGIN[0m
  [4;35;1mUser Update (0.4ms)[0m   [0mUPDATE `users` SET `activated_at` = '2009-01-08 17:53:47', `activation_code` = NULL, `state` = 'active', `updated_at` = '2009-01-08 17:53:47' WHERE `id` = 1[0m
Sent mail to bort@bort.com

Date: Thu, 8 Jan 2009 14:23:47 -0530
From: bort@bort.com
To: bort@bort.com
Subject: [Bort] Your account has been activated!
Mime-Version: 1.0
Content-Type: text/plain; charset=utf-8

admin, your account has been activated.  Welcome aboard!

http://localhost:3000
  [4;36;1mSQL (0.5ms)[0m   [0;1mCOMMIT[0m
  [4;35;1mSQL (0.1ms)[0m   [0mBEGIN[0m
  [4;36;1mroles_users Columns (0.8ms)[0m   [0;1mSHOW FIELDS FROM `roles_users`[0m
  [4;35;1mSQL (0.2ms)[0m   [0mINSERT INTO `roles_users` (`role_id`, `user_id`) VALUES (1, 1)[0m
  [4;36;1mSQL (0.4ms)[0m   [0;1mCOMMIT[0m
  [4;35;1mSQL (0.5ms)[0m   [0mINSERT INTO schema_migrations (version) VALUES ('20080929171348')[0m
  [4;36;1mSQL (0.6ms)[0m   [0;1mSHOW TABLES[0m
  [4;35;1mSQL (0.2ms)[0m   [0mSELECT version FROM schema_migrations[0m
  [4;36;1mSQL (0.2ms)[0m   [0;1mSHOW TABLES[0m
  [4;35;1mSQL (1.0ms)[0m   [0mSHOW FIELDS FROM `open_id_authentication_associations`[0m
  [4;36;1mSQL (0.8ms)[0m   [0;1mdescribe `open_id_authentication_associations`[0m
  [4;35;1mSQL (0.3ms)[0m   [0mSHOW KEYS FROM `open_id_authentication_associations`[0m
  [4;36;1mSQL (0.8ms)[0m   [0;1mSHOW FIELDS FROM `open_id_authentication_nonces`[0m
  [4;35;1mSQL (0.6ms)[0m   [0mdescribe `open_id_authentication_nonces`[0m
  [4;36;1mSQL (0.2ms)[0m   [0;1mSHOW KEYS FROM `open_id_authentication_nonces`[0m
  [4;35;1mSQL (1.7ms)[0m   [0mSHOW FIELDS FROM `passwords`[0m
  [4;36;1mSQL (1.1ms)[0m   [0;1mdescribe `passwords`[0m
  [4;35;1mSQL (0.8ms)[0m   [0mSHOW KEYS FROM `passwords`[0m
  [4;36;1mSQL (0.6ms)[0m   [0;1mSHOW FIELDS FROM `roles`[0m
  [4;35;1mSQL (0.4ms)[0m   [0mdescribe `roles`[0m
  [4;36;1mSQL (0.2ms)[0m   [0;1mSHOW KEYS FROM `roles`[0m
  [4;35;1mSQL (3.2ms)[0m   [0mSHOW FIELDS FROM `roles_users`[0m
  [4;36;1mSQL (1.0ms)[0m   [0;1mdescribe `roles_users`[0m
  [4;35;1mSQL (0.3ms)[0m   [0mSHOW KEYS FROM `roles_users`[0m
  [4;36;1mSQL (0.8ms)[0m   [0;1mSHOW FIELDS FROM `sessions`[0m
  [4;35;1mSQL (0.8ms)[0m   [0mdescribe `sessions`[0m
  [4;36;1mSQL (79.4ms)[0m   [0;1mSHOW KEYS FROM `sessions`[0m
  [4;35;1mSQL (4.6ms)[0m   [0mSHOW FIELDS FROM `users`[0m
  [4;36;1mSQL (1.2ms)[0m   [0;1mdescribe `users`[0m
  [4;35;1mSQL (0.3ms)[0m   [0mSHOW KEYS FROM `users`[0m
  [4;36;1mSQL (0.1ms)[0m   [0;1mSET NAMES 'utf8'[0m
  [4;35;1mSQL (0.1ms)[0m   [0mSET SQL_AUTO_IS_NULL=0[0m
  [4;36;1mSQL (24.8ms)[0m   [0;1mSHOW TABLES[0m
  [4;35;1mSQL (0.1ms)[0m   [0mSELECT version FROM schema_migrations[0m
  [4;36;1mSQL (0.1ms)[0m   [0;1mSET NAMES 'utf8'[0m
  [4;35;1mSQL (0.1ms)[0m   [0mSET SQL_AUTO_IS_NULL=0[0m
  [4;36;1mSQL (28.6ms)[0m   [0;1mDROP DATABASE IF EXISTS `bort_test`[0m
  [4;35;1mSQL (0.2ms)[0m   [0mCREATE DATABASE `bort_test` DEFAULT CHARACTER SET `utf8`[0m
  [4;36;1mSQL (0.1ms)[0m   [0;1mSET NAMES 'utf8'[0m
  [4;35;1mSQL (0.1ms)[0m   [0mSET SQL_AUTO_IS_NULL=0[0m
  [4;36;1mSQL (0.2ms)[0m   [0;1mSHOW TABLES[0m
  [4;35;1mSQL (63.8ms)[0m   [0mCREATE TABLE `open_id_authentication_associations` (`id` int(11) DEFAULT NULL auto_increment PRIMARY KEY, `issued` int(11), `lifetime` int(11), `handle` varchar(255), `assoc_type` varchar(255), `server_url` blob, `secret` blob) ENGINE=InnoDB[0m
  [4;36;1mSQL (0.3ms)[0m   [0;1mSHOW TABLES[0m
  [4;35;1mSQL (3.9ms)[0m   [0mCREATE TABLE `open_id_authentication_nonces` (`id` int(11) DEFAULT NULL auto_increment PRIMARY KEY, `timestamp` int(11) NOT NULL, `server_url` varchar(255), `salt` varchar(255) NOT NULL) ENGINE=InnoDB[0m
  [4;36;1mSQL (0.3ms)[0m   [0;1mSHOW TABLES[0m
  [4;35;1mSQL (43.3ms)[0m   [0mCREATE TABLE `passwords` (`id` int(11) DEFAULT NULL auto_increment PRIMARY KEY, `user_id` int(11), `reset_code` varchar(255), `expiration_date` datetime, `created_at` datetime, `updated_at` datetime) ENGINE=InnoDB[0m
  [4;36;1mSQL (0.3ms)[0m   [0;1mSHOW TABLES[0m
  [4;35;1mSQL (2.6ms)[0m   [0mCREATE TABLE `roles` (`id` int(11) DEFAULT NULL auto_increment PRIMARY KEY, `name` varchar(255)) ENGINE=InnoDB[0m
  [4;36;1mSQL (0.3ms)[0m   [0;1mSHOW TABLES[0m
  [4;35;1mSQL (3.1ms)[0m   [0mCREATE TABLE `roles_users` (`role_id` int(11), `user_id` int(11)) ENGINE=InnoDB[0m
  [4;36;1mSQL (0.3ms)[0m   [0;1mSHOW TABLES[0m
  [4;35;1mSQL (3.4ms)[0m   [0mCREATE TABLE `sessions` (`id` int(11) DEFAULT NULL auto_increment PRIMARY KEY, `session_id` varchar(255) NOT NULL, `data` text, `created_at` datetime, `updated_at` datetime) ENGINE=InnoDB[0m
  [4;36;1mSQL (7.5ms)[0m   [0;1mCREATE INDEX `index_sessions_on_session_id` ON `sessions` (`session_id`)[0m
  [4;35;1mSQL (6.8ms)[0m   [0mCREATE INDEX `index_sessions_on_updated_at` ON `sessions` (`updated_at`)[0m
  [4;36;1mSQL (0.4ms)[0m   [0;1mSHOW TABLES[0m
  [4;35;1mSQL (3.5ms)[0m   [0mCREATE TABLE `users` (`id` int(11) DEFAULT NULL auto_increment PRIMARY KEY, `login` varchar(40), `identity_url` varchar(255), `name` varchar(100) DEFAULT '', `email` varchar(100), `crypted_password` varchar(40), `salt` varchar(40), `remember_token` varchar(40), `activation_code` varchar(40), `state` varchar(255) DEFAULT 'passive' NOT NULL, `remember_token_expires_at` datetime, `activated_at` datetime, `deleted_at` datetime, `created_at` datetime, `updated_at` datetime) ENGINE=InnoDB[0m
  [4;36;1mSQL (53.4ms)[0m   [0;1mCREATE UNIQUE INDEX `index_users_on_login` ON `users` (`login`)[0m
  [4;35;1mSQL (0.4ms)[0m   [0mSHOW TABLES[0m
  [4;36;1mSQL (2.6ms)[0m   [0;1mCREATE TABLE `schema_migrations` (`version` varchar(255) NOT NULL) ENGINE=InnoDB[0m
  [4;35;1mSQL (108.2ms)[0m   [0mCREATE UNIQUE INDEX `unique_schema_migrations` ON `schema_migrations` (`version`)[0m
  [4;36;1mSQL (0.4ms)[0m   [0;1mSHOW TABLES[0m
  [4;35;1mSQL (0.3ms)[0m   [0mSELECT version FROM `schema_migrations`[0m
  [4;36;1mSQL (0.7ms)[0m   [0;1mINSERT INTO `schema_migrations` (version) VALUES ('20080929171348')[0m
  [4;36;1mSQL (0.1ms)[0m   [0;1mSET NAMES 'utf8'[0m
  [4;35;1mSQL (0.1ms)[0m   [0mSET SQL_AUTO_IS_NULL=0[0m
  [4;36;1mSQL (0.6ms)[0m   [0;1mSHOW TABLES[0m
  [4;35;1mSQL (0.1ms)[0m   [0mSELECT version FROM schema_migrations[0m
  [4;36;1mSQL (0.1ms)[0m   [0;1mSET NAMES 'utf8'[0m
  [4;35;1mSQL (0.1ms)[0m   [0mSET SQL_AUTO_IS_NULL=0[0m
  [4;36;1mSQL (58.4ms)[0m   [0;1mDROP DATABASE IF EXISTS `bort_test`[0m
  [4;35;1mSQL (0.2ms)[0m   [0mCREATE DATABASE `bort_test` DEFAULT CHARACTER SET `utf8`[0m
  [4;36;1mSQL (0.1ms)[0m   [0;1mSET NAMES 'utf8'[0m
  [4;35;1mSQL (0.1ms)[0m   [0mSET SQL_AUTO_IS_NULL=0[0m
  [4;36;1mSQL (0.3ms)[0m   [0;1mSHOW TABLES[0m
  [4;35;1mSQL (6.8ms)[0m   [0mCREATE TABLE `open_id_authentication_associations` (`id` int(11) DEFAULT NULL auto_increment PRIMARY KEY, `issued` int(11), `lifetime` int(11), `handle` varchar(255), `assoc_type` varchar(255), `server_url` blob, `secret` blob) ENGINE=InnoDB[0m
  [4;36;1mSQL (0.5ms)[0m   [0;1mSHOW TABLES[0m
  [4;35;1mSQL (3.1ms)[0m   [0mCREATE TABLE `open_id_authentication_nonces` (`id` int(11) DEFAULT NULL auto_increment PRIMARY KEY, `timestamp` int(11) NOT NULL, `server_url` varchar(255), `salt` varchar(255) NOT NULL) ENGINE=InnoDB[0m
  [4;36;1mSQL (0.2ms)[0m   [0;1mSHOW TABLES[0m
  [4;35;1mSQL (3.1ms)[0m   [0mCREATE TABLE `passwords` (`id` int(11) DEFAULT NULL auto_increment PRIMARY KEY, `user_id` int(11), `reset_code` varchar(255), `expiration_date` datetime, `created_at` datetime, `updated_at` datetime) ENGINE=InnoDB[0m
  [4;36;1mSQL (0.2ms)[0m   [0;1mSHOW TABLES[0m
  [4;35;1mSQL (2.9ms)[0m   [0mCREATE TABLE `roles` (`id` int(11) DEFAULT NULL auto_increment PRIMARY KEY, `name` varchar(255)) ENGINE=InnoDB[0m
  [4;36;1mSQL (0.3ms)[0m   [0;1mSHOW TABLES[0m
  [4;35;1mSQL (2.6ms)[0m   [0mCREATE TABLE `roles_users` (`role_id` int(11), `user_id` int(11)) ENGINE=InnoDB[0m
  [4;36;1mSQL (0.2ms)[0m   [0;1mSHOW TABLES[0m
  [4;35;1mSQL (3.4ms)[0m   [0mCREATE TABLE `sessions` (`id` int(11) DEFAULT NULL auto_increment PRIMARY KEY, `session_id` varchar(255) NOT NULL, `data` text, `created_at` datetime, `updated_at` datetime) ENGINE=InnoDB[0m
  [4;36;1mSQL (47.6ms)[0m   [0;1mCREATE INDEX `index_sessions_on_session_id` ON `sessions` (`session_id`)[0m
  [4;35;1mSQL (8.2ms)[0m   [0mCREATE INDEX `index_sessions_on_updated_at` ON `sessions` (`updated_at`)[0m
  [4;36;1mSQL (0.3ms)[0m   [0;1mSHOW TABLES[0m
  [4;35;1mSQL (3.6ms)[0m   [0mCREATE TABLE `users` (`id` int(11) DEFAULT NULL auto_increment PRIMARY KEY, `login` varchar(40), `identity_url` varchar(255), `name` varchar(100) DEFAULT '', `email` varchar(100), `crypted_password` varchar(40), `salt` varchar(40), `remember_token` varchar(40), `activation_code` varchar(40), `state` varchar(255) DEFAULT 'passive' NOT NULL, `remember_token_expires_at` datetime, `activated_at` datetime, `deleted_at` datetime, `created_at` datetime, `updated_at` datetime) ENGINE=InnoDB[0m
  [4;36;1mSQL (70.2ms)[0m   [0;1mCREATE UNIQUE INDEX `index_users_on_login` ON `users` (`login`)[0m
  [4;35;1mSQL (0.3ms)[0m   [0mSHOW TABLES[0m
  [4;36;1mSQL (3.4ms)[0m   [0;1mCREATE TABLE `schema_migrations` (`version` varchar(255) NOT NULL) ENGINE=InnoDB[0m
  [4;35;1mSQL (6.0ms)[0m   [0mCREATE UNIQUE INDEX `unique_schema_migrations` ON `schema_migrations` (`version`)[0m
  [4;36;1mSQL (0.3ms)[0m   [0;1mSHOW TABLES[0m
  [4;35;1mSQL (0.3ms)[0m   [0mSELECT version FROM `schema_migrations`[0m
  [4;36;1mSQL (0.6ms)[0m   [0;1mINSERT INTO `schema_migrations` (version) VALUES ('20080929171348')[0m
  [4;36;1mSQL (0.2ms)[0m   [0;1mSET NAMES 'utf8'[0m
  [4;35;1mSQL (0.1ms)[0m   [0mSET SQL_AUTO_IS_NULL=0[0m
  [4;36;1mSQL (0.3ms)[0m   [0;1mSHOW TABLES[0m
  [4;35;1mSQL (0.1ms)[0m   [0mSELECT version FROM schema_migrations[0m
  [4;36;1mSQL (0.1ms)[0m   [0;1mSET NAMES 'utf8'[0m
  [4;35;1mSQL (0.1ms)[0m   [0mSET SQL_AUTO_IS_NULL=0[0m
  [4;36;1mSQL (77.7ms)[0m   [0;1mDROP DATABASE IF EXISTS `bort_test`[0m
  [4;35;1mSQL (0.2ms)[0m   [0mCREATE DATABASE `bort_test` DEFAULT CHARACTER SET `utf8`[0m
  [4;36;1mSQL (0.1ms)[0m   [0;1mSET NAMES 'utf8'[0m
  [4;35;1mSQL (0.1ms)[0m   [0mSET SQL_AUTO_IS_NULL=0[0m
  [4;36;1mSQL (0.2ms)[0m   [0;1mSHOW TABLES[0m
  [4;35;1mSQL (9.0ms)[0m   [0mCREATE TABLE `open_id_authentication_associations` (`id` int(11) DEFAULT NULL auto_increment PRIMARY KEY, `issued` int(11), `lifetime` int(11), `handle` varchar(255), `assoc_type` varchar(255), `server_url` blob, `secret` blob) ENGINE=InnoDB[0m
  [4;36;1mSQL (0.3ms)[0m   [0;1mSHOW TABLES[0m
  [4;35;1mSQL (2.8ms)[0m   [0mCREATE TABLE `open_id_authentication_nonces` (`id` int(11) DEFAULT NULL auto_increment PRIMARY KEY, `timestamp` int(11) NOT NULL, `server_url` varchar(255), `salt` varchar(255) NOT NULL) ENGINE=InnoDB[0m
  [4;36;1mSQL (0.2ms)[0m   [0;1mSHOW TABLES[0m
  [4;35;1mSQL (3.0ms)[0m   [0mCREATE TABLE `passwords` (`id` int(11) DEFAULT NULL auto_increment PRIMARY KEY, `user_id` int(11), `reset_code` varchar(255), `expiration_date` datetime, `created_at` datetime, `updated_at` datetime) ENGINE=InnoDB[0m
  [4;36;1mSQL (1.1ms)[0m   [0;1mSHOW TABLES[0m
  [4;35;1mSQL (3.7ms)[0m   [0mCREATE TABLE `roles` (`id` int(11) DEFAULT NULL auto_increment PRIMARY KEY, `name` varchar(255)) ENGINE=InnoDB[0m
  [4;36;1mSQL (0.3ms)[0m   [0;1mSHOW TABLES[0m
  [4;35;1mSQL (2.6ms)[0m   [0mCREATE TABLE `roles_users` (`role_id` int(11), `user_id` int(11)) ENGINE=InnoDB[0m
  [4;36;1mSQL (0.3ms)[0m   [0;1mSHOW TABLES[0m
  [4;35;1mSQL (3.5ms)[0m   [0mCREATE TABLE `sessions` (`id` int(11) DEFAULT NULL auto_increment PRIMARY KEY, `session_id` varchar(255) NOT NULL, `data` text, `created_at` datetime, `updated_at` datetime) ENGINE=InnoDB[0m
  [4;36;1mSQL (6.4ms)[0m   [0;1mCREATE INDEX `index_sessions_on_session_id` ON `sessions` (`session_id`)[0m
  [4;35;1mSQL (7.3ms)[0m   [0mCREATE INDEX `index_sessions_on_updated_at` ON `sessions` (`updated_at`)[0m
  [4;36;1mSQL (0.5ms)[0m   [0;1mSHOW TABLES[0m
  [4;35;1mSQL (3.8ms)[0m   [0mCREATE TABLE `users` (`id` int(11) DEFAULT NULL auto_increment PRIMARY KEY, `login` varchar(40), `identity_url` varchar(255), `name` varchar(100) DEFAULT '', `email` varchar(100), `crypted_password` varchar(40), `salt` varchar(40), `remember_token` varchar(40), `activation_code` varchar(40), `state` varchar(255) DEFAULT 'passive' NOT NULL, `remember_token_expires_at` datetime, `activated_at` datetime, `deleted_at` datetime, `created_at` datetime, `updated_at` datetime) ENGINE=InnoDB[0m
  [4;36;1mSQL (7.3ms)[0m   [0;1mCREATE UNIQUE INDEX `index_users_on_login` ON `users` (`login`)[0m
  [4;35;1mSQL (0.6ms)[0m   [0mSHOW TABLES[0m
  [4;36;1mSQL (2.5ms)[0m   [0;1mCREATE TABLE `schema_migrations` (`version` varchar(255) NOT NULL) ENGINE=InnoDB[0m
  [4;35;1mSQL (7.2ms)[0m   [0mCREATE UNIQUE INDEX `unique_schema_migrations` ON `schema_migrations` (`version`)[0m
  [4;36;1mSQL (0.3ms)[0m   [0;1mSHOW TABLES[0m
  [4;35;1mSQL (0.3ms)[0m   [0mSELECT version FROM `schema_migrations`[0m
  [4;36;1mSQL (0.9ms)[0m   [0;1mINSERT INTO `schema_migrations` (version) VALUES ('20080929171348')[0m
  [4;36;1mSQL (0.1ms)[0m   [0;1mSET NAMES 'utf8'[0m
  [4;35;1mSQL (0.1ms)[0m   [0mSET SQL_AUTO_IS_NULL=0[0m
  [4;36;1mSQL (0.3ms)[0m   [0;1mSHOW TABLES[0m
  [4;35;1mSQL (0.1ms)[0m   [0mSELECT version FROM schema_migrations[0m
  [4;36;1mSQL (0.1ms)[0m   [0;1mSET NAMES 'utf8'[0m
  [4;35;1mSQL (0.1ms)[0m   [0mSET SQL_AUTO_IS_NULL=0[0m
  [4;36;1mSQL (80.0ms)[0m   [0;1mDROP DATABASE IF EXISTS `bort_test`[0m
  [4;35;1mSQL (0.2ms)[0m   [0mCREATE DATABASE `bort_test` DEFAULT CHARACTER SET `utf8`[0m
  [4;36;1mSQL (0.1ms)[0m   [0;1mSET NAMES 'utf8'[0m
  [4;35;1mSQL (0.1ms)[0m   [0mSET SQL_AUTO_IS_NULL=0[0m
  [4;36;1mSQL (0.3ms)[0m   [0;1mSHOW TABLES[0m
  [4;35;1mSQL (3.2ms)[0m   [0mCREATE TABLE `open_id_authentication_associations` (`id` int(11) DEFAULT NULL auto_increment PRIMARY KEY, `issued` int(11), `lifetime` int(11), `handle` varchar(255), `assoc_type` varchar(255), `server_url` blob, `secret` blob) ENGINE=InnoDB[0m
  [4;36;1mSQL (0.3ms)[0m   [0;1mSHOW TABLES[0m
  [4;35;1mSQL (2.5ms)[0m   [0mCREATE TABLE `open_id_authentication_nonces` (`id` int(11) DEFAULT NULL auto_increment PRIMARY KEY, `timestamp` int(11) NOT NULL, `server_url` varchar(255), `salt` varchar(255) NOT NULL) ENGINE=InnoDB[0m
  [4;36;1mSQL (0.2ms)[0m   [0;1mSHOW TABLES[0m
  [4;35;1mSQL (2.7ms)[0m   [0mCREATE TABLE `passwords` (`id` int(11) DEFAULT NULL auto_increment PRIMARY KEY, `user_id` int(11), `reset_code` varchar(255), `expiration_date` datetime, `created_at` datetime, `updated_at` datetime) ENGINE=InnoDB[0m
  [4;36;1mSQL (0.3ms)[0m   [0;1mSHOW TABLES[0m
  [4;35;1mSQL (2.8ms)[0m   [0mCREATE TABLE `roles` (`id` int(11) DEFAULT NULL auto_increment PRIMARY KEY, `name` varchar(255)) ENGINE=InnoDB[0m
  [4;36;1mSQL (0.3ms)[0m   [0;1mSHOW TABLES[0m
  [4;35;1mSQL (2.4ms)[0m   [0mCREATE TABLE `roles_users` (`role_id` int(11), `user_id` int(11)) ENGINE=InnoDB[0m
  [4;36;1mSQL (0.3ms)[0m   [0;1mSHOW TABLES[0m
  [4;35;1mSQL (3.4ms)[0m   [0mCREATE TABLE `sessions` (`id` int(11) DEFAULT NULL auto_increment PRIMARY KEY, `session_id` varchar(255) NOT NULL, `data` text, `created_at` datetime, `updated_at` datetime) ENGINE=InnoDB[0m
  [4;36;1mSQL (6.8ms)[0m   [0;1mCREATE INDEX `index_sessions_on_session_id` ON `sessions` (`session_id`)[0m
  [4;35;1mSQL (6.8ms)[0m   [0mCREATE INDEX `index_sessions_on_updated_at` ON `sessions` (`updated_at`)[0m
  [4;36;1mSQL (0.3ms)[0m   [0;1mSHOW TABLES[0m
  [4;35;1mSQL (3.6ms)[0m   [0mCREATE TABLE `users` (`id` int(11) DEFAULT NULL auto_increment PRIMARY KEY, `login` varchar(40), `identity_url` varchar(255), `name` varchar(100) DEFAULT '', `email` varchar(100), `crypted_password` varchar(40), `salt` varchar(40), `remember_token` varchar(40), `activation_code` varchar(40), `state` varchar(255) DEFAULT 'passive' NOT NULL, `remember_token_expires_at` datetime, `activated_at` datetime, `deleted_at` datetime, `created_at` datetime, `updated_at` datetime) ENGINE=InnoDB[0m
  [4;36;1mSQL (8.3ms)[0m   [0;1mCREATE UNIQUE INDEX `index_users_on_login` ON `users` (`login`)[0m
  [4;35;1mSQL (0.4ms)[0m   [0mSHOW TABLES[0m
  [4;36;1mSQL (2.9ms)[0m   [0;1mCREATE TABLE `schema_migrations` (`version` varchar(255) NOT NULL) ENGINE=InnoDB[0m
  [4;35;1mSQL (6.7ms)[0m   [0mCREATE UNIQUE INDEX `unique_schema_migrations` ON `schema_migrations` (`version`)[0m
  [4;36;1mSQL (0.3ms)[0m   [0;1mSHOW TABLES[0m
  [4;35;1mSQL (0.3ms)[0m   [0mSELECT version FROM `schema_migrations`[0m
  [4;36;1mSQL (1.2ms)[0m   [0;1mINSERT INTO `schema_migrations` (version) VALUES ('20080929171348')[0m


Processing SessionsController#new (for 127.0.0.1 at 2009-01-08 13:27:56) [GET]
  Session ID: 9fe4937fb050d166f9cbde0bd6fa5449
  Parameters: {"action"=>"new", "controller"=>"sessions"}
Rendering template within layouts/application
Rendering sessions/new
Completed in 1096ms (View: 1092, DB: 31) | 200 OK [http://localhost/]


Processing UsersController#new (for 127.0.0.1 at 2009-01-08 13:28:16) [GET]
  Session ID: 9fe4937fb050d166f9cbde0bd6fa5449
  Parameters: {"action"=>"new", "controller"=>"users"}
  [4;36;1mUser Columns (1.2ms)[0m   [0;1mSHOW FIELDS FROM `users`[0m
Rendering template within layouts/application
Rendering users/new
Completed in 23ms (View: 18, DB: 2) | 200 OK [http://localhost/signup]


Processing UsersController#new (for 127.0.0.1 at 2009-01-08 13:28:49) [GET]
  Session ID: 9fe4937fb050d166f9cbde0bd6fa5449
  Parameters: {"action"=>"new", "controller"=>"users"}
  [4;35;1mUser Columns (1.2ms)[0m   [0mSHOW FIELDS FROM `users`[0m
Rendering template within layouts/application
Rendering users/new
Completed in 25ms (View: 19, DB: 2) | 200 OK [http://localhost/signup]


Processing UsersController#create (for 127.0.0.1 at 2009-01-08 13:29:14) [POST]
  Session ID: 9fe4937fb050d166f9cbde0bd6fa5449
  Parameters: {"user"=>{"password_confirmation"=>"[FILTERED]", "password"=>"[FILTERED]", "login"=>"", "email"=>""}, "commit"=>"Sign up", "openid_url"=>"", "action"=>"create", "authenticity_token"=>"e08cc22170bab5e418b7a59fe1f814a2a5307126", "controller"=>"users"}
Cookie set: auth_token=; path=/; expires=Thu, 01 Jan 1970 00:00:00 GMT
  [4;36;1mUser Columns (1.4ms)[0m   [0;1mSHOW FIELDS FROM `users`[0m
  [4;35;1mUser Exists (0.4ms)[0m   [0mSELECT `users`.id FROM `users` WHERE (LOWER(`users`.`login`) = BINARY '') LIMIT 1[0m
  [4;36;1mUser Exists (0.3ms)[0m   [0;1mSELECT `users`.id FROM `users` WHERE (LOWER(`users`.`email`) = BINARY '') LIMIT 1[0m
Rendering template within layouts/application
Rendering users/new
Completed in 44ms (View: 17, DB: 2) | 200 OK [http://localhost/users]


Processing SessionsController#new (for 127.0.0.1 at 2009-01-08 14:05:14) [GET]
  Session ID: 9fe4937fb050d166f9cbde0bd6fa5449
  Parameters: {"action"=>"new", "controller"=>"sessions"}
Rendering template within layouts/application
Rendering sessions/new
Completed in 114ms (View: 111, DB: 77) | 200 OK [http://localhost/login]


Processing SessionsController#create (for 127.0.0.1 at 2009-01-08 14:05:24) [POST]
  Session ID: 9fe4937fb050d166f9cbde0bd6fa5449
  Parameters: {"commit"=>"Login", "openid_url"=>"http://edgar.gonzalez.net.ve", "action"=>"create", "authenticity_token"=>"e08cc22170bab5e418b7a59fe1f814a2a5307126", "controller"=>"sessions", "login"=>"", "password"=>"[FILTERED]"}
Cookie set: auth_token=; path=/; expires=Thu, 01 Jan 1970 00:00:00 GMT
  [4;35;1mOpenIdAuthentication::Association Columns (19.3ms)[0m   [0mSHOW FIELDS FROM `open_id_authentication_associations`[0m
  [4;36;1mOpenIdAuthentication::Association Load (0.4ms)[0m   [0;1mSELECT * FROM `open_id_authentication_associations` WHERE (`open_id_authentication_associations`.`server_url` = 'http://www.myopenid.com/server') [0m
  [4;35;1mOpenIdAuthentication::Association Delete all (0.3ms)[0m   [0mDELETE FROM `open_id_authentication_associations` WHERE (server_url = 'http://www.myopenid.com/server' AND handle = '{HMAC-SHA1}{49664777}{pg00vg==}') [0m
  [4;36;1mSQL (0.1ms)[0m   [0;1mBEGIN[0m
  [4;35;1mOpenIdAuthentication::Association Create (56.2ms)[0m   [0mINSERT INTO `open_id_authentication_associations` (`handle`, `server_url`, `lifetime`, `issued`, `assoc_type`, `secret`) VALUES('{HMAC-SHA1}{49664777}{pg00vg==}', x'687474703a2f2f7777772e6d796f70656e69642e636f6d2f736572766572', 1209600, 1231439739, 'HMAC-SHA1', x'4337b3afd3492afa5387863a4517c08cd8693824')[0m
  [4;36;1mSQL (3.5ms)[0m   [0;1mCOMMIT[0m
Redirected to http://www.myopenid.com/server?openid.assoc_handle=%7BHMAC-SHA1%7D%7B49664777%7D%7Bpg00vg%3D%3D%7D&openid.identity=http%3A%2F%2Fedgargonzalez.myopenid.com%2F&openid.mode=checkid_setup&openid.return_to=http%3A%2F%2Flocalhost%3A3000%2Fsession%3F_method%3Dpost%26open_id_complete%3D1%26openid1_claimed_id%3Dhttp%253A%252F%252Fedgar.gonzalez.net.ve%252F%26rp_nonce%3D2009-01-08T18%253A35%253A39ZnsAed0&openid.trust_root=http%3A%2F%2Flocalhost%3A3000%2F
Completed in 15493ms (DB: 80) | 302 Found [http://localhost/session]


Processing SessionsController#create (for 127.0.0.1 at 2009-01-08 14:06:23) [POST]
  Session ID: 9fe4937fb050d166f9cbde0bd6fa5449
  Parameters: {"openid.mode"=>"id_res", "openid.return_to"=>"http://localhost:3000/session?_method=post&open_id_complete=1&openid1_claimed_id=http%3A%2F%2Fedgar.gonzalez.net.ve%2F&rp_nonce=2009-01-08T18%3A35%3A39ZnsAed0", "openid.sig"=>"GPJhyDmjgUy/gaSQCBGCvzs09FY=", "rp_nonce"=>"2009-01-08T18:35:39ZnsAed0", "openid.op_endpoint"=>"http://www.myopenid.com/server", "action"=>"create", "_method"=>"post", "openid.response_nonce"=>"2009-01-08T18:36:20ZZ60Lvw", "controller"=>"sessions", "openid1_claimed_id"=>"http://edgar.gonzalez.net.ve/", "openid.identity"=>"http://edgargonzalez.myopenid.com/", "open_id_complete"=>"1", "openid.assoc_handle"=>"{HMAC-SHA1}{49664777}{pg00vg==}", "openid.signed"=>"assoc_handle,identity,mode,op_endpoint,response_nonce,return_to,signed"}
Cookie set: auth_token=; path=/; expires=Thu, 01 Jan 1970 00:00:00 GMT
  [4;35;1mOpenIdAuthentication::Association Load (0.4ms)[0m   [0mSELECT * FROM `open_id_authentication_associations` WHERE (`open_id_authentication_associations`.`handle` = '{HMAC-SHA1}{49664777}{pg00vg==}' AND `open_id_authentication_associations`.`server_url` = 'http://www.myopenid.com/server') [0m
  [4;36;1mOpenIdAuthentication::Nonce Columns (22.3ms)[0m   [0;1mSHOW FIELDS FROM `open_id_authentication_nonces`[0m
  [4;35;1mOpenIdAuthentication::Nonce Load (26.5ms)[0m   [0mSELECT * FROM `open_id_authentication_nonces` WHERE (`open_id_authentication_nonces`.`timestamp` = 1231439739 AND `open_id_authentication_nonces`.`server_url` = '' AND `open_id_authentication_nonces`.`salt` = 'nsAed0') LIMIT 1[0m
  [4;36;1mSQL (0.1ms)[0m   [0;1mBEGIN[0m
  [4;35;1mOpenIdAuthentication::Nonce Create (0.3ms)[0m   [0mINSERT INTO `open_id_authentication_nonces` (`timestamp`, `salt`, `server_url`) VALUES(1231439739, 'nsAed0', '')[0m
  [4;36;1mSQL (3.0ms)[0m   [0;1mCOMMIT[0m
  [4;35;1mUser Columns (1.2ms)[0m   [0mSHOW FIELDS FROM `users`[0m
  [4;36;1mUser Load (0.4ms)[0m   [0;1mSELECT * FROM `users` WHERE (`users`.`identity_url` = 'http://edgar.gonzalez.net.ve/') LIMIT 1[0m
Rendering template within layouts/application
Rendering sessions/new
Completed in 98ms (View: 12, DB: 55) | 200 OK [http://localhost/session?_method=post&open_id_complete=1&openid1_claimed_id=http%3A%2F%2Fedgar.gonzalez.net.ve%2F&rp_nonce=2009-01-08T18%3A35%3A39ZnsAed0&openid.assoc_handle=%7BHMAC-SHA1%7D%7B49664777%7D%7Bpg00vg%3D%3D%7D&openid.identity=http%3A%2F%2Fedgargonzalez.myopenid.com%2F&openid.mode=id_res&openid.op_endpoint=http%3A%2F%2Fwww.myopenid.com%2Fserver&openid.response_nonce=2009-01-08T18%3A36%3A20ZZ60Lvw&openid.return_to=http%3A%2F%2Flocalhost%3A3000%2Fsession%3F_method%3Dpost%26open_id_complete%3D1%26openid1_claimed_id%3Dhttp%253A%252F%252Fedgar.gonzalez.net.ve%252F%26rp_nonce%3D2009-01-08T18%253A35%253A39ZnsAed0&openid.sig=GPJhyDmjgUy%2FgaSQCBGCvzs09FY%3D&openid.signed=assoc_handle%2Cidentity%2Cmode%2Cop_endpoint%2Cresponse_nonce%2Creturn_to%2Csigned]


Processing SessionsController#create (for 127.0.0.1 at 2009-01-08 14:12:56) [POST]
  Session ID: 9fe4937fb050d166f9cbde0bd6fa5449
  Parameters: {"commit"=>"Login", "openid_url"=>"", "action"=>"create", "authenticity_token"=>"e08cc22170bab5e418b7a59fe1f814a2a5307126", "controller"=>"sessions", "login"=>"admin", "password"=>"[FILTERED]"}
Cookie set: auth_token=; path=/; expires=Thu, 01 Jan 1970 00:00:00 GMT
  [4;35;1mUser Load (0.5ms)[0m   [0mSELECT * FROM `users` WHERE (`users`.`login` = 'admin') AND (users.state = 'active') LIMIT 1[0m
  [4;36;1mUser Columns (1.2ms)[0m   [0;1mSHOW FIELDS FROM `users`[0m
Failed login for 'admin' from 127.0.0.1 at Thu Jan 08 18:42:56 UTC 2009
Rendering template within layouts/application
Rendering sessions/new
Completed in 136ms (View: 13, DB: 2) | 200 OK [http://localhost/session]


Processing SessionsController#create (for 127.0.0.1 at 2009-01-08 14:17:31) [POST]
  Session ID: 9fe4937fb050d166f9cbde0bd6fa5449
  Parameters: {"commit"=>"Login", "openid_url"=>"http://edgar.gonzalez.net.ve", "action"=>"create", "authenticity_token"=>"e08cc22170bab5e418b7a59fe1f814a2a5307126", "controller"=>"sessions", "login"=>"admin", "password"=>"[FILTERED]"}
Cookie set: auth_token=; path=/; expires=Thu, 01 Jan 1970 00:00:00 GMT
  [4;35;1mOpenIdAuthentication::Association Load (0.5ms)[0m   [0mSELECT * FROM `open_id_authentication_associations` WHERE (`open_id_authentication_associations`.`server_url` = 'http://www.myopenid.com/server') [0m
Redirected to http://www.myopenid.com/server?openid.assoc_handle=%7BHMAC-SHA1%7D%7B49664777%7D%7Bpg00vg%3D%3D%7D&openid.identity=http%3A%2F%2Fedgargonzalez.myopenid.com%2F&openid.mode=checkid_setup&openid.return_to=http%3A%2F%2Flocalhost%3A3000%2Fsession%3F_method%3Dpost%26open_id_complete%3D1%26openid1_claimed_id%3Dhttp%253A%252F%252Fedgar.gonzalez.net.ve%252F%26rp_nonce%3D2009-01-08T18%253A47%253A41Z0VMcQM&openid.trust_root=http%3A%2F%2Flocalhost%3A3000%2F
Completed in 9870ms (DB: 1) | 302 Found [http://localhost/session]


Processing SessionsController#create (for 127.0.0.1 at 2009-01-08 14:17:48) [POST]
  Session ID: 9fe4937fb050d166f9cbde0bd6fa5449
  Parameters: {"openid.mode"=>"id_res", "openid.return_to"=>"http://localhost:3000/session?_method=post&open_id_complete=1&openid1_claimed_id=http%3A%2F%2Fedgar.gonzalez.net.ve%2F&rp_nonce=2009-01-08T18%3A47%3A41Z0VMcQM", "openid.sig"=>"aI7v5mq4/drwYJrUOxBcaaRmQPs=", "rp_nonce"=>"2009-01-08T18:47:41Z0VMcQM", "openid.op_endpoint"=>"http://www.myopenid.com/server", "action"=>"create", "_method"=>"post", "openid.response_nonce"=>"2009-01-08T18:47:45ZVbwGR4", "controller"=>"sessions", "openid1_claimed_id"=>"http://edgar.gonzalez.net.ve/", "openid.identity"=>"http://edgargonzalez.myopenid.com/", "open_id_complete"=>"1", "openid.assoc_handle"=>"{HMAC-SHA1}{49664777}{pg00vg==}", "openid.signed"=>"assoc_handle,identity,mode,op_endpoint,response_nonce,return_to,signed"}
Cookie set: auth_token=; path=/; expires=Thu, 01 Jan 1970 00:00:00 GMT
  [4;36;1mOpenIdAuthentication::Association Load (0.1ms)[0m   [0;1mSELECT * FROM `open_id_authentication_associations` WHERE (`open_id_authentication_associations`.`handle` = '{HMAC-SHA1}{49664777}{pg00vg==}' AND `open_id_authentication_associations`.`server_url` = 'http://www.myopenid.com/server') [0m
  [4;35;1mOpenIdAuthentication::Nonce Load (0.4ms)[0m   [0mSELECT * FROM `open_id_authentication_nonces` WHERE (`open_id_authentication_nonces`.`timestamp` = 1231440461 AND `open_id_authentication_nonces`.`server_url` = '' AND `open_id_authentication_nonces`.`salt` = '0VMcQM') LIMIT 1[0m
  [4;36;1mSQL (0.1ms)[0m   [0;1mBEGIN[0m
  [4;35;1mOpenIdAuthentication::Nonce Create (0.2ms)[0m   [0mINSERT INTO `open_id_authentication_nonces` (`timestamp`, `salt`, `server_url`) VALUES(1231440461, '0VMcQM', '')[0m
  [4;36;1mSQL (77.7ms)[0m   [0;1mCOMMIT[0m
  [4;35;1mUser Columns (40.8ms)[0m   [0mSHOW FIELDS FROM `users`[0m
  [4;36;1mUser Load (0.1ms)[0m   [0;1mSELECT * FROM `users` WHERE (`users`.`identity_url` = 'http://edgar.gonzalez.net.ve/') LIMIT 1[0m
Rendering template within layouts/application
Rendering sessions/new
Completed in 146ms (View: 12, DB: 156) | 200 OK [http://localhost/session?_method=post&open_id_complete=1&openid1_claimed_id=http%3A%2F%2Fedgar.gonzalez.net.ve%2F&rp_nonce=2009-01-08T18%3A47%3A41Z0VMcQM&openid.assoc_handle=%7BHMAC-SHA1%7D%7B49664777%7D%7Bpg00vg%3D%3D%7D&openid.identity=http%3A%2F%2Fedgargonzalez.myopenid.com%2F&openid.mode=id_res&openid.op_endpoint=http%3A%2F%2Fwww.myopenid.com%2Fserver&openid.response_nonce=2009-01-08T18%3A47%3A45ZVbwGR4&openid.return_to=http%3A%2F%2Flocalhost%3A3000%2Fsession%3F_method%3Dpost%26open_id_complete%3D1%26openid1_claimed_id%3Dhttp%253A%252F%252Fedgar.gonzalez.net.ve%252F%26rp_nonce%3D2009-01-08T18%253A47%253A41Z0VMcQM&openid.sig=aI7v5mq4%2FdrwYJrUOxBcaaRmQPs%3D&openid.signed=assoc_handle%2Cidentity%2Cmode%2Cop_endpoint%2Cresponse_nonce%2Creturn_to%2Csigned]


Processing UsersController#new (for 127.0.0.1 at 2009-01-08 14:17:56) [GET]
  Session ID: 9fe4937fb050d166f9cbde0bd6fa5449
  Parameters: {"action"=>"new", "controller"=>"users"}
  [4;35;1mUser Columns (1.3ms)[0m   [0mSHOW FIELDS FROM `users`[0m
Rendering template within layouts/application
Rendering users/new
Completed in 27ms (View: 19, DB: 3) | 200 OK [http://localhost/signup]


Processing UsersController#create (for 127.0.0.1 at 2009-01-08 14:18:11) [POST]
  Session ID: 9fe4937fb050d166f9cbde0bd6fa5449
  Parameters: {"user"=>{"password_confirmation"=>"[FILTERED]", "password"=>"[FILTERED]", "login"=>"", "email"=>""}, "commit"=>"Sign up", "openid_url"=>"http://edgar.gonzalez.net.ve", "action"=>"create", "authenticity_token"=>"e08cc22170bab5e418b7a59fe1f814a2a5307126", "controller"=>"users"}
Cookie set: auth_token=; path=/; expires=Thu, 01 Jan 1970 00:00:00 GMT
  [4;36;1mOpenIdAuthentication::Association Load (0.3ms)[0m   [0;1mSELECT * FROM `open_id_authentication_associations` WHERE (`open_id_authentication_associations`.`server_url` = 'http://www.myopenid.com/server') [0m
Redirected to http://www.myopenid.com/server?openid.assoc_handle=%7BHMAC-SHA1%7D%7B49664777%7D%7Bpg00vg%3D%3D%7D&openid.identity=http%3A%2F%2Fedgargonzalez.myopenid.com%2F&openid.mode=checkid_setup&openid.return_to=http%3A%2F%2Flocalhost%3A3000%2Fopencreate%3F_method%3Dpost%26open_id_complete%3D1%26openid1_claimed_id%3Dhttp%253A%252F%252Fedgar.gonzalez.net.ve%252F%26rp_nonce%3D2009-01-08T18%253A48%253A26Zb1zoS4&openid.sreg.required=nickname%2Cemail&openid.trust_root=http%3A%2F%2Flocalhost%3A3000%2F
Completed in 14740ms (DB: 1) | 302 Found [http://localhost/users]


Processing UsersController#create (for 127.0.0.1 at 2009-01-08 14:18:38) [POST]
  Session ID: 9fe4937fb050d166f9cbde0bd6fa5449
  Parameters: {"openid.sreg.nickname"=>"Edgar", "openid.mode"=>"id_res", "openid.return_to"=>"http://localhost:3000/opencreate?_method=post&open_id_complete=1&openid1_claimed_id=http%3A%2F%2Fedgar.gonzalez.net.ve%2F&rp_nonce=2009-01-08T18%3A48%3A26Zb1zoS4", "openid.sig"=>"MJHKJmszSh3dCdtcBlpMGKM87wo=", "rp_nonce"=>"2009-01-08T18:48:26Zb1zoS4", "openid.op_endpoint"=>"http://www.myopenid.com/server", "action"=>"create", "_method"=>"post", "openid.response_nonce"=>"2009-01-08T18:48:34ZK1ZvPV", "method"=>:get, "controller"=>"users", "openid.sreg.email"=>"edgar@gonzalez.net.ve", "openid1_claimed_id"=>"http://edgar.gonzalez.net.ve/", "openid.identity"=>"http://edgargonzalez.myopenid.com/", "open_id_complete"=>"1", "openid.assoc_handle"=>"{HMAC-SHA1}{49664777}{pg00vg==}", "openid.signed"=>"assoc_handle,identity,mode,op_endpoint,response_nonce,return_to,signed,sreg.email,sreg.nickname"}
Cookie set: auth_token=; path=/; expires=Thu, 01 Jan 1970 00:00:00 GMT
  [4;35;1mOpenIdAuthentication::Association Load (0.1ms)[0m   [0mSELECT * FROM `open_id_authentication_associations` WHERE (`open_id_authentication_associations`.`handle` = '{HMAC-SHA1}{49664777}{pg00vg==}' AND `open_id_authentication_associations`.`server_url` = 'http://www.myopenid.com/server') [0m
  [4;36;1mOpenIdAuthentication::Nonce Load (0.4ms)[0m   [0;1mSELECT * FROM `open_id_authentication_nonces` WHERE (`open_id_authentication_nonces`.`timestamp` = 1231440506 AND `open_id_authentication_nonces`.`server_url` = '' AND `open_id_authentication_nonces`.`salt` = 'b1zoS4') LIMIT 1[0m
  [4;35;1mSQL (0.1ms)[0m   [0mBEGIN[0m
  [4;36;1mOpenIdAuthentication::Nonce Create (0.3ms)[0m   [0;1mINSERT INTO `open_id_authentication_nonces` (`timestamp`, `salt`, `server_url`) VALUES(1231440506, 'b1zoS4', '')[0m
  [4;35;1mSQL (5.0ms)[0m   [0mCOMMIT[0m
  [4;36;1mUser Columns (1.2ms)[0m   [0;1mSHOW FIELDS FROM `users`[0m
  [4;35;1mUser Exists (138.3ms)[0m   [0mSELECT `users`.id FROM `users` WHERE (`users`.`identity_url` = BINARY 'http://edgar.gonzalez.net.ve/') LIMIT 1[0m
  [4;36;1mSQL (0.1ms)[0m   [0;1mBEGIN[0m
  [4;35;1mUser Create (19.4ms)[0m   [0mINSERT INTO `users` (`name`, `salt`, `activated_at`, `updated_at`, `crypted_password`, `deleted_at`, `activation_code`, `remember_token_expires_at`, `identity_url`, `remember_token`, `login`, `email`, `state`, `created_at`) VALUES('', NULL, '2009-01-08 18:48:38', '2009-01-08 18:48:38', NULL, NULL, NULL, NULL, 'http://edgar.gonzalez.net.ve/', NULL, 'Edgar', 'edgar@gonzalez.net.ve', 'active', '2009-01-08 18:48:38')[0m
  [4;36;1mSQL (5.0ms)[0m   [0;1mCOMMIT[0m
Redirected to /
Completed in 277ms (DB: 170) | 302 Found [http://localhost/opencreate?_method=post&open_id_complete=1&openid1_claimed_id=http%3A%2F%2Fedgar.gonzalez.net.ve%2F&rp_nonce=2009-01-08T18%3A48%3A26Zb1zoS4&openid.assoc_handle=%7BHMAC-SHA1%7D%7B49664777%7D%7Bpg00vg%3D%3D%7D&openid.identity=http%3A%2F%2Fedgargonzalez.myopenid.com%2F&openid.mode=id_res&openid.op_endpoint=http%3A%2F%2Fwww.myopenid.com%2Fserver&openid.response_nonce=2009-01-08T18%3A48%3A34ZK1ZvPV&openid.return_to=http%3A%2F%2Flocalhost%3A3000%2Fopencreate%3F_method%3Dpost%26open_id_complete%3D1%26openid1_claimed_id%3Dhttp%253A%252F%252Fedgar.gonzalez.net.ve%252F%26rp_nonce%3D2009-01-08T18%253A48%253A26Zb1zoS4&openid.sig=MJHKJmszSh3dCdtcBlpMGKM87wo%3D&openid.signed=assoc_handle%2Cidentity%2Cmode%2Cop_endpoint%2Cresponse_nonce%2Creturn_to%2Csigned%2Csreg.email%2Csreg.nickname&openid.sreg.email=edgar%40gonzalez.net.ve&openid.sreg.nickname=Edgar]


Processing SessionsController#new (for 127.0.0.1 at 2009-01-08 14:18:38) [GET]
  Session ID: 9fe4937fb050d166f9cbde0bd6fa5449
  Parameters: {"action"=>"new", "controller"=>"sessions"}
Rendering template within layouts/application
Rendering sessions/new
Completed in 15ms (View: 12, DB: 1) | 200 OK [http://localhost/]


Processing SessionsController#create (for 127.0.0.1 at 2009-01-08 14:19:01) [POST]
  Session ID: 9fe4937fb050d166f9cbde0bd6fa5449
  Parameters: {"commit"=>"Login", "openid_url"=>"http://edgar.gonzalez.net.ve", "action"=>"create", "authenticity_token"=>"e08cc22170bab5e418b7a59fe1f814a2a5307126", "controller"=>"sessions", "login"=>"", "password"=>"[FILTERED]"}
Cookie set: auth_token=; path=/; expires=Thu, 01 Jan 1970 00:00:00 GMT
  [4;35;1mOpenIdAuthentication::Association Load (0.2ms)[0m   [0mSELECT * FROM `open_id_authentication_associations` WHERE (`open_id_authentication_associations`.`server_url` = 'http://www.myopenid.com/server') [0m
Redirected to http://www.myopenid.com/server?openid.assoc_handle=%7BHMAC-SHA1%7D%7B49664777%7D%7Bpg00vg%3D%3D%7D&openid.identity=http%3A%2F%2Fedgargonzalez.myopenid.com%2F&openid.mode=checkid_setup&openid.return_to=http%3A%2F%2Flocalhost%3A3000%2Fsession%3F_method%3Dpost%26open_id_complete%3D1%26openid1_claimed_id%3Dhttp%253A%252F%252Fedgar.gonzalez.net.ve%252F%26rp_nonce%3D2009-01-08T18%253A49%253A14ZmF32St&openid.trust_root=http%3A%2F%2Flocalhost%3A3000%2F
Completed in 13063ms (DB: 1) | 302 Found [http://localhost/session]


Processing SessionsController#create (for 127.0.0.1 at 2009-01-08 14:19:19) [POST]
  Session ID: 9fe4937fb050d166f9cbde0bd6fa5449
  Parameters: {"openid.mode"=>"id_res", "openid.return_to"=>"http://localhost:3000/session?_method=post&open_id_complete=1&openid1_claimed_id=http%3A%2F%2Fedgar.gonzalez.net.ve%2F&rp_nonce=2009-01-08T18%3A49%3A14ZmF32St", "openid.sig"=>"n9xZSBezs/RGQs94Kh10e+oJ4xc=", "rp_nonce"=>"2009-01-08T18:49:14ZmF32St", "openid.op_endpoint"=>"http://www.myopenid.com/server", "action"=>"create", "_method"=>"post", "openid.response_nonce"=>"2009-01-08T18:49:15Zm1SFZ7", "controller"=>"sessions", "openid1_claimed_id"=>"http://edgar.gonzalez.net.ve/", "openid.identity"=>"http://edgargonzalez.myopenid.com/", "open_id_complete"=>"1", "openid.assoc_handle"=>"{HMAC-SHA1}{49664777}{pg00vg==}", "openid.signed"=>"assoc_handle,identity,mode,op_endpoint,response_nonce,return_to,signed"}
Cookie set: auth_token=; path=/; expires=Thu, 01 Jan 1970 00:00:00 GMT
  [4;36;1mOpenIdAuthentication::Association Load (0.1ms)[0m   [0;1mSELECT * FROM `open_id_authentication_associations` WHERE (`open_id_authentication_associations`.`handle` = '{HMAC-SHA1}{49664777}{pg00vg==}' AND `open_id_authentication_associations`.`server_url` = 'http://www.myopenid.com/server') [0m
  [4;35;1mOpenIdAuthentication::Nonce Load (0.4ms)[0m   [0mSELECT * FROM `open_id_authentication_nonces` WHERE (`open_id_authentication_nonces`.`timestamp` = 1231440554 AND `open_id_authentication_nonces`.`server_url` = '' AND `open_id_authentication_nonces`.`salt` = 'mF32St') LIMIT 1[0m
  [4;36;1mSQL (0.1ms)[0m   [0;1mBEGIN[0m
  [4;35;1mOpenIdAuthentication::Nonce Create (0.2ms)[0m   [0mINSERT INTO `open_id_authentication_nonces` (`timestamp`, `salt`, `server_url`) VALUES(1231440554, 'mF32St', '')[0m
  [4;36;1mSQL (4.4ms)[0m   [0;1mCOMMIT[0m
  [4;35;1mUser Columns (1.3ms)[0m   [0mSHOW FIELDS FROM `users`[0m
  [4;36;1mUser Load (0.4ms)[0m   [0;1mSELECT * FROM `users` WHERE (`users`.`identity_url` = 'http://edgar.gonzalez.net.ve/') LIMIT 1[0m
  [4;35;1mSQL (0.1ms)[0m   [0mBEGIN[0m
  [4;36;1mSQL (0.1ms)[0m   [0;1mCOMMIT[0m
Cookie set: auth_token=; path=/
Redirected to /
Completed in 28ms (DB: 8) | 302 Found [http://localhost/session?_method=post&open_id_complete=1&openid1_claimed_id=http%3A%2F%2Fedgar.gonzalez.net.ve%2F&rp_nonce=2009-01-08T18%3A49%3A14ZmF32St&openid.assoc_handle=%7BHMAC-SHA1%7D%7B49664777%7D%7Bpg00vg%3D%3D%7D&openid.identity=http%3A%2F%2Fedgargonzalez.myopenid.com%2F&openid.mode=id_res&openid.op_endpoint=http%3A%2F%2Fwww.myopenid.com%2Fserver&openid.response_nonce=2009-01-08T18%3A49%3A15Zm1SFZ7&openid.return_to=http%3A%2F%2Flocalhost%3A3000%2Fsession%3F_method%3Dpost%26open_id_complete%3D1%26openid1_claimed_id%3Dhttp%253A%252F%252Fedgar.gonzalez.net.ve%252F%26rp_nonce%3D2009-01-08T18%253A49%253A14ZmF32St&openid.sig=n9xZSBezs%2FRGQs94Kh10e%2BoJ4xc%3D&openid.signed=assoc_handle%2Cidentity%2Cmode%2Cop_endpoint%2Cresponse_nonce%2Creturn_to%2Csigned]


Processing SessionsController#new (for 127.0.0.1 at 2009-01-08 14:19:19) [GET]
  Session ID: 9fe4937fb050d166f9cbde0bd6fa5449
  Parameters: {"action"=>"new", "controller"=>"sessions"}
Rendering template within layouts/application
Rendering sessions/new
  [4;35;1mUser Columns (1.2ms)[0m   [0mSHOW FIELDS FROM `users`[0m
  [4;36;1mUser Load (0.4ms)[0m   [0;1mSELECT * FROM `users` WHERE (`users`.`id` = 2) LIMIT 1[0m
Completed in 20ms (View: 17, DB: 1) | 200 OK [http://localhost/]


Processing SessionsController#destroy (for 127.0.0.1 at 2009-01-08 14:19:27) [GET]
  Session ID: 9fe4937fb050d166f9cbde0bd6fa5449
  Parameters: {"action"=>"destroy", "controller"=>"sessions"}
Cookie set: auth_token=; path=/; expires=Thu, 01 Jan 1970 00:00:00 GMT
Redirected to /
Completed in 90ms (DB: 85) | 302 Found [http://localhost/logout]


Processing SessionsController#new (for 127.0.0.1 at 2009-01-08 14:19:27) [GET]
  Session ID: 77b442026e44ae74925e2bf00dc3b784
  Parameters: {"action"=>"new", "controller"=>"sessions"}
Rendering template within layouts/application
Rendering sessions/new
Completed in 15ms (View: 12, DB: 26) | 200 OK [http://localhost/]


Processing SessionsController#new (for 127.0.0.1 at 2009-01-08 14:39:54) [GET]
  Session ID: 77b442026e44ae74925e2bf00dc3b784
  Parameters: {"action"=>"new", "controller"=>"sessions"}
Rendering template within layouts/application
Rendering sessions/new
Completed in 178ms (View: 175, DB: 1) | 200 OK [http://localhost/login]


Processing UsersController#new (for 127.0.0.1 at 2009-01-08 14:39:58) [GET]
  Session ID: 77b442026e44ae74925e2bf00dc3b784
  Parameters: {"action"=>"new", "controller"=>"users"}
  [4;35;1mUser Columns (2.2ms)[0m   [0mSHOW FIELDS FROM `users`[0m
Rendering template within layouts/application
Rendering users/new
Completed in 79ms (View: 71, DB: 3) | 200 OK [http://localhost/signup]


Processing SessionsController#new (for 127.0.0.1 at 2009-01-08 14:45:05) [GET]
  Session ID: 77b442026e44ae74925e2bf00dc3b784
  Parameters: {"action"=>"new", "controller"=>"sessions"}
Rendering template within layouts/application
Rendering sessions/new
Completed in 27ms (View: 24, DB: 1) | 200 OK [http://localhost/login]


Processing SessionsController#create (for 127.0.0.1 at 2009-01-08 14:45:13) [POST]
  Session ID: 77b442026e44ae74925e2bf00dc3b784
  Parameters: {"commit"=>"Login", "openid_url"=>"", "action"=>"create", "authenticity_token"=>"e656296ad50b5e44a1aeef25e5b72c0c614d2e83", "controller"=>"sessions", "login"=>"", "password"=>"[FILTERED]"}
Cookie set: auth_token=; path=/; expires=Thu, 01 Jan 1970 00:00:00 GMT
  [4;36;1mUser Load (0.4ms)[0m   [0;1mSELECT * FROM `users` WHERE (`users`.`login` = '') AND (users.state = 'active') LIMIT 1[0m
Failed login for '' from 127.0.0.1 at Thu Jan 08 19:15:13 UTC 2009
Rendering template within layouts/application
Rendering sessions/new
Completed in 17ms (View: 12, DB: 1) | 200 OK [http://localhost/session]


Processing SessionsController#new (for 127.0.0.1 at 2009-01-08 14:45:56) [GET]
  Session ID: 77b442026e44ae74925e2bf00dc3b784
  Parameters: {"action"=>"new", "controller"=>"sessions"}
Rendering template within layouts/application
Rendering sessions/new
Completed in 18ms (View: 14, DB: 1) | 200 OK [http://localhost/login]


Processing SessionsController#new (for 127.0.0.1 at 2009-01-08 14:54:45) [GET]
  Session ID: 77b442026e44ae74925e2bf00dc3b784
  Parameters: {"action"=>"new", "controller"=>"sessions"}
Rendering template within layouts/application
Rendering sessions/new
Completed in 17ms (View: 13, DB: 1) | 200 OK [http://localhost/login]


Processing SessionsController#new (for 127.0.0.1 at 2009-01-08 20:21:48) [GET]
  Session ID: 77b442026e44ae74925e2bf00dc3b784
  Parameters: {"action"=>"new", "controller"=>"sessions"}
Rendering template within layouts/application
Rendering sessions/new
Completed in 260ms (View: 254, DB: 211) | 200 OK [http://localhost/login]


Processing SessionsController#create (for 127.0.0.1 at 2009-01-08 20:22:03) [POST]
  Session ID: 77b442026e44ae74925e2bf00dc3b784
  Parameters: {"commit"=>"Login", "openid_url"=>"", "action"=>"create", "authenticity_token"=>"e656296ad50b5e44a1aeef25e5b72c0c614d2e83", "controller"=>"sessions", "login"=>"admin", "password"=>"[FILTERED]"}
Cookie set: auth_token=; path=/; expires=Thu, 01 Jan 1970 00:00:00 GMT
  [4;36;1mUser Load (55.2ms)[0m   [0;1mSELECT * FROM `users` WHERE (`users`.`login` = 'admin') AND (users.state = 'active') LIMIT 1[0m
  [4;35;1mUser Columns (1.1ms)[0m   [0mSHOW FIELDS FROM `users`[0m
Failed login for 'admin' from 127.0.0.1 at Fri Jan 09 00:52:03 UTC 2009
Rendering template within layouts/application
Rendering sessions/new
Completed in 79ms (View: 12, DB: 57) | 200 OK [http://localhost/session]


Processing SessionsController#create (for 127.0.0.1 at 2009-01-08 20:24:16) [POST]
  Session ID: 77b442026e44ae74925e2bf00dc3b784
  Parameters: {"commit"=>"Login", "openid_url"=>"", "action"=>"create", "authenticity_token"=>"e656296ad50b5e44a1aeef25e5b72c0c614d2e83", "controller"=>"sessions", "login"=>"admin", "password"=>"[FILTERED]"}
Cookie set: auth_token=; path=/; expires=Thu, 01 Jan 1970 00:00:00 GMT
  [4;36;1mUser Load (0.2ms)[0m   [0;1mSELECT * FROM `users` WHERE (`users`.`login` = 'admin') AND (users.state = 'active') LIMIT 1[0m
  [4;35;1mUser Columns (1.1ms)[0m   [0mSHOW FIELDS FROM `users`[0m
Failed login for 'admin' from 127.0.0.1 at Fri Jan 09 00:54:16 UTC 2009
Rendering template within layouts/application
Rendering sessions/new
Completed in 26ms (View: 13, DB: 3) | 200 OK [http://localhost/session]


Processing UsersController#new (for 127.0.0.1 at 2009-01-08 20:24:42) [GET]
  Session ID: 77b442026e44ae74925e2bf00dc3b784
  Parameters: {"action"=>"new", "controller"=>"users"}
  [4;36;1mUser Columns (1.2ms)[0m   [0;1mSHOW FIELDS FROM `users`[0m
Rendering template within layouts/application
Rendering users/new
Completed in 23ms (View: 17, DB: 2) | 200 OK [http://localhost/signup]
  [4;36;1mSQL (0.1ms)[0m   [0;1mSET NAMES 'utf8'[0m
  [4;35;1mSQL (0.1ms)[0m   [0mSET SQL_AUTO_IS_NULL=0[0m
  [4;36;1mSQL (265.9ms)[0m   [0;1mDROP DATABASE IF EXISTS `bort_development`[0m
  [4;35;1mSQL (0.1ms)[0m   [0mSET NAMES 'utf8'[0m
  [4;36;1mSQL (0.2ms)[0m   [0;1mSET SQL_AUTO_IS_NULL=0[0m
  [4;35;1mSQL (0.4ms)[0m   [0mCREATE DATABASE `bort_development` DEFAULT CHARACTER SET `utf8` COLLATE `utf8_general_ci`[0m
  [4;36;1mSQL (0.2ms)[0m   [0;1mSET NAMES 'utf8'[0m
  [4;35;1mSQL (0.1ms)[0m   [0mSET SQL_AUTO_IS_NULL=0[0m
  [4;36;1mSQL (0.4ms)[0m   [0;1mSHOW TABLES[0m
  [4;35;1mSQL (19.6ms)[0m   [0mCREATE TABLE `schema_migrations` (`version` varchar(255) NOT NULL) ENGINE=InnoDB[0m
  [4;36;1mSQL (6.6ms)[0m   [0;1mCREATE UNIQUE INDEX `unique_schema_migrations` ON `schema_migrations` (`version`)[0m
  [4;35;1mSQL (0.2ms)[0m   [0mSHOW TABLES[0m
  [4;36;1mSQL (0.2ms)[0m   [0;1mSELECT version FROM schema_migrations[0m
Migrating to BortMigration (20080929171348)
  [4;35;1mSQL (4.1ms)[0m   [0mCREATE TABLE `sessions` (`id` int(11) DEFAULT NULL auto_increment PRIMARY KEY, `session_id` varchar(255) NOT NULL, `data` text, `created_at` datetime, `updated_at` datetime) ENGINE=InnoDB[0m
  [4;36;1mSQL (6.3ms)[0m   [0;1mCREATE INDEX `index_sessions_on_session_id` ON `sessions` (`session_id`)[0m
  [4;35;1mSQL (7.4ms)[0m   [0mCREATE INDEX `index_sessions_on_updated_at` ON `sessions` (`updated_at`)[0m
  [4;36;1mSQL (0.3ms)[0m   [0;1mSHOW TABLES[0m
  [4;35;1mSQL (3.3ms)[0m   [0mCREATE TABLE `open_id_authentication_associations` (`id` int(11) DEFAULT NULL auto_increment PRIMARY KEY, `issued` int(11), `lifetime` int(11), `handle` varchar(255), `assoc_type` varchar(255), `server_url` blob, `secret` blob) ENGINE=InnoDB[0m
  [4;36;1mSQL (0.3ms)[0m   [0;1mSHOW TABLES[0m
  [4;35;1mSQL (2.7ms)[0m   [0mCREATE TABLE `open_id_authentication_nonces` (`id` int(11) DEFAULT NULL auto_increment PRIMARY KEY, `timestamp` int(11) NOT NULL, `server_url` varchar(255), `salt` varchar(255) NOT NULL) ENGINE=InnoDB[0m
  [4;36;1mSQL (3.5ms)[0m   [0;1mCREATE TABLE `users` (`id` int(11) DEFAULT NULL auto_increment PRIMARY KEY, `login` varchar(40), `identity_url` varchar(255), `name` varchar(100) DEFAULT '', `email` varchar(100), `crypted_password` varchar(40), `salt` varchar(40), `remember_token` varchar(40), `activation_code` varchar(40), `state` varchar(255) DEFAULT 'passive' NOT NULL, `remember_token_expires_at` datetime, `activated_at` datetime, `deleted_at` datetime, `created_at` datetime, `updated_at` datetime) ENGINE=InnoDB[0m
  [4;35;1mSQL (8.3ms)[0m   [0mCREATE UNIQUE INDEX `index_users_on_login` ON `users` (`login`)[0m
  [4;36;1mSQL (2.5ms)[0m   [0;1mCREATE TABLE `passwords` (`id` int(11) DEFAULT NULL auto_increment PRIMARY KEY, `user_id` int(11), `reset_code` varchar(255), `expiration_date` datetime, `created_at` datetime, `updated_at` datetime) ENGINE=InnoDB[0m
  [4;35;1mSQL (2.8ms)[0m   [0mCREATE TABLE `roles` (`id` int(11) DEFAULT NULL auto_increment PRIMARY KEY, `name` varchar(255)) ENGINE=InnoDB[0m
  [4;36;1mSQL (2.4ms)[0m   [0;1mCREATE TABLE `roles_users` (`role_id` int(11), `user_id` int(11)) ENGINE=InnoDB[0m
  [4;35;1mRole Columns (0.7ms)[0m   [0mSHOW FIELDS FROM `roles`[0m
  [4;36;1mSQL (0.1ms)[0m   [0;1mBEGIN[0m
  [4;35;1mRole Create (0.3ms)[0m   [0mINSERT INTO `roles` (`name`) VALUES('admin')[0m
  [4;36;1mSQL (0.5ms)[0m   [0;1mCOMMIT[0m
  [4;35;1mUser Columns (1.1ms)[0m   [0mSHOW FIELDS FROM `users`[0m
  [4;36;1mSQL (0.1ms)[0m   [0;1mBEGIN[0m
  [4;35;1mUser Exists (45.5ms)[0m   [0mSELECT `users`.id FROM `users` WHERE (LOWER(`users`.`login`) = BINARY 'admin') LIMIT 1[0m
  [4;36;1mUser Exists (0.2ms)[0m   [0;1mSELECT `users`.id FROM `users` WHERE (LOWER(`users`.`email`) = BINARY 'bort@bort.com') LIMIT 1[0m
  [4;35;1mUser Create (0.3ms)[0m   [0mINSERT INTO `users` (`name`, `salt`, `activated_at`, `updated_at`, `crypted_password`, `deleted_at`, `activation_code`, `remember_token_expires_at`, `identity_url`, `remember_token`, `login`, `email`, `state`, `created_at`) VALUES('', '032eda93cfc99f9f410919213e9cc86d12c73d2a', NULL, '2009-01-09 00:56:41', '9ad3ada8f57d6ce3e070c15a1a50d7261bdafdf8', NULL, NULL, NULL, NULL, NULL, 'admin', 'bort@bort.com', 'passive', '2009-01-09 00:56:41')[0m
Sent mail to bort@bort.com

Date: Thu, 8 Jan 2009 21:26:41 -0530
From: bort@bort.com
To: bort@bort.com
Subject: [Bort] Please activate your new account
Mime-Version: 1.0
Content-Type: text/plain; charset=utf-8

Your account has been created.

Username: admin

Visit this url to activate your account:

http://localhost:3000/activate/
  [4;36;1mSQL (2.9ms)[0m   [0;1mCOMMIT[0m
  [4;35;1mSQL (0.1ms)[0m   [0mBEGIN[0m
  [4;36;1mUser Update (0.3ms)[0m   [0;1mUPDATE `users` SET `activation_code` = 'c4b486df538f503d88288d73d1826bc694449d6c', `state` = 'pending', `updated_at` = '2009-01-09 00:56:41' WHERE `id` = 1[0m
  [4;35;1mSQL (0.5ms)[0m   [0mCOMMIT[0m
  [4;36;1mSQL (0.1ms)[0m   [0;1mBEGIN[0m
  [4;35;1mUser Update (0.5ms)[0m   [0mUPDATE `users` SET `activated_at` = '2009-01-09 00:56:41', `activation_code` = NULL, `state` = 'active', `updated_at` = '2009-01-09 00:56:41' WHERE `id` = 1[0m
Sent mail to bort@bort.com

Date: Thu, 8 Jan 2009 21:26:41 -0530
From: bort@bort.com
To: bort@bort.com
Subject: [Bort] Your account has been activated!
Mime-Version: 1.0
Content-Type: text/plain; charset=utf-8

admin, your account has been activated.  Welcome aboard!

http://localhost:3000
  [4;36;1mSQL (0.9ms)[0m   [0;1mCOMMIT[0m
  [4;35;1mSQL (0.1ms)[0m   [0mBEGIN[0m
  [4;36;1mroles_users Columns (0.8ms)[0m   [0;1mSHOW FIELDS FROM `roles_users`[0m
  [4;35;1mSQL (0.2ms)[0m   [0mINSERT INTO `roles_users` (`role_id`, `user_id`) VALUES (1, 1)[0m
  [4;36;1mSQL (0.5ms)[0m   [0;1mCOMMIT[0m
  [4;35;1mSQL (0.6ms)[0m   [0mINSERT INTO schema_migrations (version) VALUES ('20080929171348')[0m
  [4;36;1mSQL (0.4ms)[0m   [0;1mSHOW TABLES[0m
  [4;35;1mSQL (0.2ms)[0m   [0mSELECT version FROM schema_migrations[0m
  [4;36;1mSQL (0.2ms)[0m   [0;1mSHOW TABLES[0m
  [4;35;1mSQL (0.8ms)[0m   [0mSHOW FIELDS FROM `open_id_authentication_associations`[0m
  [4;36;1mSQL (0.6ms)[0m   [0;1mdescribe `open_id_authentication_associations`[0m
  [4;35;1mSQL (0.2ms)[0m   [0mSHOW KEYS FROM `open_id_authentication_associations`[0m
  [4;36;1mSQL (0.6ms)[0m   [0;1mSHOW FIELDS FROM `open_id_authentication_nonces`[0m
  [4;35;1mSQL (1.0ms)[0m   [0mdescribe `open_id_authentication_nonces`[0m
  [4;36;1mSQL (0.5ms)[0m   [0;1mSHOW KEYS FROM `open_id_authentication_nonces`[0m
  [4;35;1mSQL (0.7ms)[0m   [0mSHOW FIELDS FROM `passwords`[0m
  [4;36;1mSQL (0.6ms)[0m   [0;1mdescribe `passwords`[0m
  [4;35;1mSQL (0.3ms)[0m   [0mSHOW KEYS FROM `passwords`[0m
  [4;36;1mSQL (0.4ms)[0m   [0;1mSHOW FIELDS FROM `roles`[0m
  [4;35;1mSQL (0.4ms)[0m   [0mdescribe `roles`[0m
  [4;36;1mSQL (0.2ms)[0m   [0;1mSHOW KEYS FROM `roles`[0m
  [4;35;1mSQL (0.4ms)[0m   [0mSHOW FIELDS FROM `roles_users`[0m
  [4;36;1mSQL (0.4ms)[0m   [0;1mdescribe `roles_users`[0m
  [4;35;1mSQL (0.2ms)[0m   [0mSHOW KEYS FROM `roles_users`[0m
  [4;36;1mSQL (0.6ms)[0m   [0;1mSHOW FIELDS FROM `sessions`[0m
  [4;35;1mSQL (0.5ms)[0m   [0mdescribe `sessions`[0m
  [4;36;1mSQL (76.8ms)[0m   [0;1mSHOW KEYS FROM `sessions`[0m
  [4;35;1mSQL (4.6ms)[0m   [0mSHOW FIELDS FROM `users`[0m
  [4;36;1mSQL (1.2ms)[0m   [0;1mdescribe `users`[0m
  [4;35;1mSQL (0.3ms)[0m   [0mSHOW KEYS FROM `users`[0m


Processing SessionsController#new (for 127.0.0.1 at 2009-01-08 20:28:28) [GET]
  Session ID: f914c5dd55abca387d2f5ddd9c51074b
  Parameters: {"action"=>"new", "controller"=>"sessions"}
Rendering template within layouts/application
Rendering sessions/new
Completed in 106ms (View: 103, DB: 2) | 200 OK [http://localhost/login]


Processing SessionsController#create (for 127.0.0.1 at 2009-01-08 20:28:32) [POST]
  Session ID: f914c5dd55abca387d2f5ddd9c51074b
  Parameters: {"commit"=>"Login", "openid_url"=>"", "action"=>"create", "authenticity_token"=>"67471d7f4d9a051be26956ff8a94bcbb5b7e6108", "controller"=>"sessions", "login"=>"admin", "password"=>"[FILTERED]"}
Cookie set: auth_token=; path=/; expires=Thu, 01 Jan 1970 00:00:00 GMT
  [4;36;1mUser Load (0.5ms)[0m   [0;1mSELECT * FROM `users` WHERE (`users`.`login` = 'admin') AND (users.state = 'active') LIMIT 1[0m
  [4;35;1mUser Columns (1.3ms)[0m   [0mSHOW FIELDS FROM `users`[0m
  [4;36;1mSQL (0.1ms)[0m   [0;1mBEGIN[0m
  [4;35;1mSQL (0.1ms)[0m   [0mCOMMIT[0m
Cookie set: auth_token=; path=/
Redirected to /
Completed in 13ms (DB: 2) | 302 Found [http://localhost/session]


Processing SessionsController#new (for 127.0.0.1 at 2009-01-08 20:28:32) [GET]
  Session ID: f914c5dd55abca387d2f5ddd9c51074b
  Parameters: {"action"=>"new", "controller"=>"sessions"}
Rendering template within layouts/application
Rendering sessions/new
  [4;36;1mUser Columns (1.2ms)[0m   [0;1mSHOW FIELDS FROM `users`[0m
  [4;35;1mUser Load (0.5ms)[0m   [0mSELECT * FROM `users` WHERE (`users`.`id` = 1) LIMIT 1[0m
Completed in 19ms (View: 16, DB: 1) | 200 OK [http://localhost/]
  [4;36;1mSQL (0.1ms)[0m   [0;1mSET NAMES 'utf8'[0m
  [4;35;1mSQL (0.1ms)[0m   [0mSET SQL_AUTO_IS_NULL=0[0m
  [4;36;1mSQL (0.3ms)[0m   [0;1mSHOW TABLES[0m
  [4;35;1mSQL (0.1ms)[0m   [0mSELECT version FROM schema_migrations[0m
  [4;36;1mSQL (0.1ms)[0m   [0;1mSET NAMES 'utf8'[0m
  [4;35;1mSQL (0.1ms)[0m   [0mSET SQL_AUTO_IS_NULL=0[0m
  [4;36;1mSQL (103.3ms)[0m   [0;1mDROP DATABASE IF EXISTS `bort_test`[0m
  [4;35;1mSQL (0.2ms)[0m   [0mCREATE DATABASE `bort_test` DEFAULT CHARACTER SET `utf8`[0m
  [4;36;1mSQL (0.1ms)[0m   [0;1mSET NAMES 'utf8'[0m
  [4;35;1mSQL (0.1ms)[0m   [0mSET SQL_AUTO_IS_NULL=0[0m
  [4;36;1mSQL (0.2ms)[0m   [0;1mSHOW TABLES[0m
  [4;35;1mSQL (9.6ms)[0m   [0mCREATE TABLE `open_id_authentication_associations` (`id` int(11) DEFAULT NULL auto_increment PRIMARY KEY, `issued` int(11), `lifetime` int(11), `handle` varchar(255), `assoc_type` varchar(255), `server_url` blob, `secret` blob) ENGINE=InnoDB[0m
  [4;36;1mSQL (0.3ms)[0m   [0;1mSHOW TABLES[0m
  [4;35;1mSQL (3.4ms)[0m   [0mCREATE TABLE `open_id_authentication_nonces` (`id` int(11) DEFAULT NULL auto_increment PRIMARY KEY, `timestamp` int(11) NOT NULL, `server_url` varchar(255), `salt` varchar(255) NOT NULL) ENGINE=InnoDB[0m
  [4;36;1mSQL (0.3ms)[0m   [0;1mSHOW TABLES[0m
  [4;35;1mSQL (2.9ms)[0m   [0mCREATE TABLE `passwords` (`id` int(11) DEFAULT NULL auto_increment PRIMARY KEY, `user_id` int(11), `reset_code` varchar(255), `expiration_date` datetime, `created_at` datetime, `updated_at` datetime) ENGINE=InnoDB[0m
  [4;36;1mSQL (0.3ms)[0m   [0;1mSHOW TABLES[0m
  [4;35;1mSQL (3.1ms)[0m   [0mCREATE TABLE `roles` (`id` int(11) DEFAULT NULL auto_increment PRIMARY KEY, `name` varchar(255)) ENGINE=InnoDB[0m
  [4;36;1mSQL (0.3ms)[0m   [0;1mSHOW TABLES[0m
  [4;35;1mSQL (2.2ms)[0m   [0mCREATE TABLE `roles_users` (`role_id` int(11), `user_id` int(11)) ENGINE=InnoDB[0m
  [4;36;1mSQL (0.2ms)[0m   [0;1mSHOW TABLES[0m
  [4;35;1mSQL (3.1ms)[0m   [0mCREATE TABLE `sessions` (`id` int(11) DEFAULT NULL auto_increment PRIMARY KEY, `session_id` varchar(255) NOT NULL, `data` text, `created_at` datetime, `updated_at` datetime) ENGINE=InnoDB[0m
  [4;36;1mSQL (6.7ms)[0m   [0;1mCREATE INDEX `index_sessions_on_session_id` ON `sessions` (`session_id`)[0m
  [4;35;1mSQL (7.9ms)[0m   [0mCREATE INDEX `index_sessions_on_updated_at` ON `sessions` (`updated_at`)[0m
  [4;36;1mSQL (0.4ms)[0m   [0;1mSHOW TABLES[0m
  [4;35;1mSQL (2.9ms)[0m   [0mCREATE TABLE `users` (`id` int(11) DEFAULT NULL auto_increment PRIMARY KEY, `login` varchar(40), `identity_url` varchar(255), `name` varchar(100) DEFAULT '', `email` varchar(100), `crypted_password` varchar(40), `salt` varchar(40), `remember_token` varchar(40), `activation_code` varchar(40), `state` varchar(255) DEFAULT 'passive' NOT NULL, `remember_token_expires_at` datetime, `activated_at` datetime, `deleted_at` datetime, `created_at` datetime, `updated_at` datetime) ENGINE=InnoDB[0m
  [4;36;1mSQL (6.7ms)[0m   [0;1mCREATE UNIQUE INDEX `index_users_on_login` ON `users` (`login`)[0m
  [4;35;1mSQL (0.3ms)[0m   [0mSHOW TABLES[0m
  [4;36;1mSQL (3.6ms)[0m   [0;1mCREATE TABLE `schema_migrations` (`version` varchar(255) NOT NULL) ENGINE=InnoDB[0m
  [4;35;1mSQL (5.0ms)[0m   [0mCREATE UNIQUE INDEX `unique_schema_migrations` ON `schema_migrations` (`version`)[0m
  [4;36;1mSQL (0.5ms)[0m   [0;1mSHOW TABLES[0m
  [4;35;1mSQL (0.3ms)[0m   [0mSELECT version FROM `schema_migrations`[0m
  [4;36;1mSQL (0.7ms)[0m   [0;1mINSERT INTO `schema_migrations` (version) VALUES ('20080929171348')[0m
